Generated at 2019-01-17 05:01:27 +0000
Mixlib::ShellOut::ShellCommandFailed: bash[Install OPENSSL] (nginx_cookbook::default line 71) had an error: Mixlib::ShellOut::ShellCommandFailed: Expected process to exit with [0], but received '2'
---- Begin output of "bash"  "/tmp/chef-script20190117-7063-wucof6" ----
STDOUT: making all in crypto...
make[1]: Entering directory '/opt/openssl-1.0.2q/crypto'
/usr/bin/perl ../util/mkbuildinf.pl "gcc -I. -I.. -I../include  -DOPENSSL_THREADS -D_REENTRANT -DDSO_DLFCN -DHAVE_DLFCN_H -Wa,--noexecstack -m64 -DL_ENDIAN -O3 -Wall -DOPENSSL_IA32_SSE2 -DOPENSSL_BN_ASM_MONT -DOPENSSL_BN_ASM_MONT5 -DOPENSSL_BN_ASM_GF2m -DRC4_ASM -DSHA1_ASM -DSHA256_ASM -DSHA512_ASM -DMD5_ASM -DAES_ASM -DVPAES_ASM -DBSAES_ASM -DWHIRLPOOL_ASM -DGHASH_ASM -DECP_NISTZ256_ASM" "linux-x86_64" >buildinf.h
make[1]: Leaving directory '/opt/openssl-1.0.2q/crypto'
Makefile:287: recipe for target 'build_crypto' failed
making all in crypto...
make[1]: Entering directory '/opt/openssl-1.0.2q/crypto'
make[1]: Leaving directory '/opt/openssl-1.0.2q/crypto'
Makefile:287: recipe for target 'build_crypto' failed
STDERR: Usage: Configure [no-<cipher> ...] [enable-<cipher> ...] [experimental-<cipher> ...] [-Dxxx] [-lxxx] [-Lxxx] [-fxxx] [-Kxxx] [no-hw-xxx|no-hw] [[no-]threads] [[no-]shared] [[no-]zlib|zlib-dynamic] [no-asm] [no-dso] [no-krb5] [sctp] [386] [--prefix=DIR] [--openssldir=OPENSSLDIR] [--with-xxx[=vvv]] [--test-sanity] os/compiler[:flags]

pick os/compiler from:
BC-32 BS2000-OSD BSD-generic32 BSD-generic64 BSD-ia64 BSD-sparc64 BSD-sparcv8 
BSD-x86 BSD-x86-elf BSD-x86_64 Cygwin Cygwin-x86_64 DJGPP MPE/iX-gcc OS2-EMX 
OS390-Unix QNX6 QNX6-i386 ReliantUNIX SINIX SINIX-N UWIN VC-CE VC-WIN32 
VC-WIN64A VC-WIN64I aix-cc aix-gcc aix3-cc aix64-cc aix64-gcc android 
android-armv7 android-mips android-x86 aux3-gcc beos-x86-bone beos-x86-r5 
bsdi-elf-gcc cc cray-j90 cray-t3e darwin-i386-cc darwin-ppc-cc darwin64-ppc-cc 
darwin64-x86_64-cc dgux-R3-gcc dgux-R4-gcc dgux-R4-x86-gcc dist gcc hpux-cc 
hpux-gcc hpux-ia64-cc hpux-ia64-gcc hpux-parisc-cc hpux-parisc-cc-o4 
hpux-parisc-gcc hpux-parisc1_1-cc hpux-parisc1_1-gcc hpux-parisc2-cc 
hpux-parisc2-gcc hpux64-ia64-cc hpux64-ia64-gcc hpux64-parisc2-cc 
hpux64-parisc2-gcc hurd-x86 iphoneos-cross irix-cc irix-gcc irix-mips3-cc 
irix-mips3-gcc irix64-mips4-cc irix64-mips4-gcc linux-aarch64 
linux-alpha+bwx-ccc linux-alpha+bwx-gcc linux-alpha-ccc linux-alpha-gcc 
linux-aout linux-armv4 linux-elf linux-generic32 linux-generic64 
linux-ia32-icc linux-ia64 linux-ia64-icc linux-mips32 linux-mips64 linux-ppc 
linux-ppc64 linux-ppc64le linux-sparcv8 linux-sparcv9 linux-x32 linux-x86_64 
linux-x86_64-clang linux-x86_64-icc linux32-s390x linux64-mips64 linux64-s390x 
linux64-sparcv9 mingw mingw64 ncr-scde netware-clib netware-clib-bsdsock 
netware-clib-bsdsock-gcc netware-clib-gcc netware-libc netware-libc-bsdsock 
netware-libc-bsdsock-gcc netware-libc-gcc newsos4-gcc nextstep nextstep3.3 
osf1-alpha-cc osf1-alpha-gcc purify qnx4 rhapsody-ppc-cc sco5-cc sco5-gcc 
solaris-sparcv7-cc solaris-sparcv7-gcc solaris-sparcv8-cc solaris-sparcv8-gcc 
solaris-sparcv9-cc solaris-sparcv9-gcc solaris-x86-cc solaris-x86-gcc 
solaris64-sparcv9-cc solaris64-sparcv9-gcc solaris64-x86_64-cc 
solaris64-x86_64-gcc sunos-gcc tandem-c89 tru64-alpha-cc uClinux-dist 
uClinux-dist64 ultrix-cc ultrix-gcc unixware-2.0 unixware-2.1 unixware-7 
unixware-7-gcc vos-gcc vxworks-mips vxworks-ppc405 vxworks-ppc60x 
vxworks-ppc750 vxworks-ppc750-debug vxworks-ppc860 vxworks-ppcgen 
vxworks-simlinux debug debug-BSD-x86-elf debug-VC-WIN32 debug-VC-WIN64A 
debug-VC-WIN64I debug-ben debug-ben-darwin64 debug-ben-debug 
debug-ben-debug-64 debug-ben-debug-64-clang debug-ben-macos 
debug-ben-macos-gcc46 debug-ben-no-opt debug-ben-openbsd 
debug-ben-openbsd-debug debug-ben-strict debug-bodo debug-darwin-i386-cc 
debug-darwin-ppc-cc debug-darwin64-x86_64-cc debug-geoff32 debug-geoff64 
debug-levitte-linux-elf debug-levitte-linux-elf-extreme 
debug-levitte-linux-noasm debug-levitte-linux-noasm-extreme debug-linux-elf 
debug-linux-elf-noefence debug-linux-generic32 debug-linux-generic64 
debug-linux-ia32-aes debug-linux-pentium debug-linux-ppro debug-linux-x86_64 
debug-linux-x86_64-clang debug-rse debug-solaris-sparcv8-cc 
debug-solaris-sparcv8-gcc debug-solaris-sparcv9-cc debug-solaris-sparcv9-gcc 
debug-steve-opt debug-steve32 debug-steve64 debug-vos-gcc 

NOTE: If in doubt, on Unix-ish systems use './config'.
make[1]: *** No rule to make target '../include/openssl/bio.h', needed by 'cryptlib.o'.  Stop.
make: *** [build_crypto] Error 1
make[1]: *** No rule to make target '../include/openssl/bio.h', needed by 'cryptlib.o'.  Stop.
make: *** [build_crypto] Error 1
---- End output of "bash"  "/tmp/chef-script20190117-7063-wucof6" ----
Ran "bash"  "/tmp/chef-script20190117-7063-wucof6" returned 2
/opt/chefdk/embedded/lib/ruby/gems/2.5.0/gems/mixlib-shellout-2.4.0/lib/mixlib/shellout.rb:297:in `invalid!'
/opt/chefdk/embedded/lib/ruby/gems/2.5.0/gems/mixlib-shellout-2.4.0/lib/mixlib/shellout.rb:284:in `error!'
/opt/chefdk/embedded/lib/ruby/gems/2.5.0/gems/chef-14.7.17/lib/chef/mixin/shell_out.rb:202:in `shell_out_compacted!'
/opt/chefdk/embedded/lib/ruby/gems/2.5.0/gems/chef-14.7.17/lib/chef/mixin/shell_out.rb:124:in `shell_out!'
/opt/chefdk/embedded/lib/ruby/gems/2.5.0/gems/chef-14.7.17/lib/chef/provider/execute.rb:58:in `block in action_run'
/opt/chefdk/embedded/lib/ruby/gems/2.5.0/gems/chef-14.7.17/lib/chef/mixin/why_run.rb:51:in `add_action'
/opt/chefdk/embedded/lib/ruby/gems/2.5.0/gems/chef-14.7.17/lib/chef/provider.rb:227:in `converge_by'
/opt/chefdk/embedded/lib/ruby/gems/2.5.0/gems/chef-14.7.17/lib/chef/provider/execute.rb:56:in `action_run'
/opt/chefdk/embedded/lib/ruby/gems/2.5.0/gems/chef-14.7.17/lib/chef/provider/script.rb:64:in `action_run'
/opt/chefdk/embedded/lib/ruby/gems/2.5.0/gems/chef-14.7.17/lib/chef/provider.rb:182:in `run_action'
/opt/chefdk/embedded/lib/ruby/gems/2.5.0/gems/chef-14.7.17/lib/chef/resource.rb:578:in `run_action'
/opt/chefdk/embedded/lib/ruby/gems/2.5.0/gems/chef-14.7.17/lib/chef/runner.rb:70:in `run_action'
/opt/chefdk/embedded/lib/ruby/gems/2.5.0/gems/chef-14.7.17/lib/chef/runner.rb:98:in `block (2 levels) in converge'
/opt/chefdk/embedded/lib/ruby/gems/2.5.0/gems/chef-14.7.17/lib/chef/runner.rb:98:in `each'
/opt/chefdk/embedded/lib/ruby/gems/2.5.0/gems/chef-14.7.17/lib/chef/runner.rb:98:in `block in converge'
/opt/chefdk/embedded/lib/ruby/gems/2.5.0/gems/chef-14.7.17/lib/chef/resource_collection/resource_list.rb:94:in `block in execute_each_resource'
/opt/chefdk/embedded/lib/ruby/gems/2.5.0/gems/chef-14.7.17/lib/chef/resource_collection/stepable_iterator.rb:114:in `call_iterator_block'
/opt/chefdk/embedded/lib/ruby/gems/2.5.0/gems/chef-14.7.17/lib/chef/resource_collection/stepable_iterator.rb:85:in `step'
/opt/chefdk/embedded/lib/ruby/gems/2.5.0/gems/chef-14.7.17/lib/chef/resource_collection/stepable_iterator.rb:103:in `iterate'
/opt/chefdk/embedded/lib/ruby/gems/2.5.0/gems/chef-14.7.17/lib/chef/resource_collection/stepable_iterator.rb:55:in `each_with_index'
/opt/chefdk/embedded/lib/ruby/gems/2.5.0/gems/chef-14.7.17/lib/chef/resource_collection/resource_list.rb:92:in `execute_each_resource'
/opt/chefdk/embedded/lib/ruby/gems/2.5.0/gems/chef-14.7.17/lib/chef/runner.rb:97:in `converge'
/opt/chefdk/embedded/lib/ruby/gems/2.5.0/gems/chef-14.7.17/lib/chef/client.rb:720:in `block in converge'
/opt/chefdk/embedded/lib/ruby/gems/2.5.0/gems/chef-14.7.17/lib/chef/client.rb:715:in `catch'
/opt/chefdk/embedded/lib/ruby/gems/2.5.0/gems/chef-14.7.17/lib/chef/client.rb:715:in `converge'
/opt/chefdk/embedded/lib/ruby/gems/2.5.0/gems/chef-14.7.17/lib/chef/client.rb:754:in `converge_and_save'
/opt/chefdk/embedded/lib/ruby/gems/2.5.0/gems/chef-14.7.17/lib/chef/client.rb:286:in `run'
/opt/chefdk/embedded/lib/ruby/gems/2.5.0/gems/chef-14.7.17/lib/chef/application.rb:303:in `run_with_graceful_exit_option'
/opt/chefdk/embedded/lib/ruby/gems/2.5.0/gems/chef-14.7.17/lib/chef/application.rb:279:in `block in run_chef_client'
/opt/chefdk/embedded/lib/ruby/gems/2.5.0/gems/chef-14.7.17/lib/chef/local_mode.rb:44:in `with_server_connectivity'
/opt/chefdk/embedded/lib/ruby/gems/2.5.0/gems/chef-14.7.17/lib/chef/application.rb:261:in `run_chef_client'
/opt/chefdk/embedded/lib/ruby/gems/2.5.0/gems/chef-14.7.17/lib/chef/application/client.rb:440:in `run_application'
/opt/chefdk/embedded/lib/ruby/gems/2.5.0/gems/chef-14.7.17/lib/chef/application.rb:66:in `run'
/opt/chefdk/embedded/lib/ruby/gems/2.5.0/gems/chef-14.7.17/lib/chef/application/solo.rb:224:in `run'
/opt/chefdk/embedded/lib/ruby/gems/2.5.0/gems/chef-14.7.17/bin/chef-solo:24:in `<top (required)>'
/opt/chefdk/bin/chef-solo:296:in `load'
/opt/chefdk/bin/chef-solo:296:in `<main>'

>>>> Caused by Mixlib::ShellOut::ShellCommandFailed: Expected process to exit with [0], but received '2'
---- Begin output of "bash"  "/tmp/chef-script20190117-7063-wucof6" ----
STDOUT: making all in crypto...
make[1]: Entering directory '/opt/openssl-1.0.2q/crypto'
/usr/bin/perl ../util/mkbuildinf.pl "gcc -I. -I.. -I../include  -DOPENSSL_THREADS -D_REENTRANT -DDSO_DLFCN -DHAVE_DLFCN_H -Wa,--noexecstack -m64 -DL_ENDIAN -O3 -Wall -DOPENSSL_IA32_SSE2 -DOPENSSL_BN_ASM_MONT -DOPENSSL_BN_ASM_MONT5 -DOPENSSL_BN_ASM_GF2m -DRC4_ASM -DSHA1_ASM -DSHA256_ASM -DSHA512_ASM -DMD5_ASM -DAES_ASM -DVPAES_ASM -DBSAES_ASM -DWHIRLPOOL_ASM -DGHASH_ASM -DECP_NISTZ256_ASM" "linux-x86_64" >buildinf.h
make[1]: Leaving directory '/opt/openssl-1.0.2q/crypto'
Makefile:287: recipe for target 'build_crypto' failed
making all in crypto...
make[1]: Entering directory '/opt/openssl-1.0.2q/crypto'
make[1]: Leaving directory '/opt/openssl-1.0.2q/crypto'
Makefile:287: recipe for target 'build_crypto' failed
STDERR: Usage: Configure [no-<cipher> ...] [enable-<cipher> ...] [experimental-<cipher> ...] [-Dxxx] [-lxxx] [-Lxxx] [-fxxx] [-Kxxx] [no-hw-xxx|no-hw] [[no-]threads] [[no-]shared] [[no-]zlib|zlib-dynamic] [no-asm] [no-dso] [no-krb5] [sctp] [386] [--prefix=DIR] [--openssldir=OPENSSLDIR] [--with-xxx[=vvv]] [--test-sanity] os/compiler[:flags]

pick os/compiler from:
BC-32 BS2000-OSD BSD-generic32 BSD-generic64 BSD-ia64 BSD-sparc64 BSD-sparcv8 
BSD-x86 BSD-x86-elf BSD-x86_64 Cygwin Cygwin-x86_64 DJGPP MPE/iX-gcc OS2-EMX 
OS390-Unix QNX6 QNX6-i386 ReliantUNIX SINIX SINIX-N UWIN VC-CE VC-WIN32 
VC-WIN64A VC-WIN64I aix-cc aix-gcc aix3-cc aix64-cc aix64-gcc android 
android-armv7 android-mips android-x86 aux3-gcc beos-x86-bone beos-x86-r5 
bsdi-elf-gcc cc cray-j90 cray-t3e darwin-i386-cc darwin-ppc-cc darwin64-ppc-cc 
darwin64-x86_64-cc dgux-R3-gcc dgux-R4-gcc dgux-R4-x86-gcc dist gcc hpux-cc 
hpux-gcc hpux-ia64-cc hpux-ia64-gcc hpux-parisc-cc hpux-parisc-cc-o4 
hpux-parisc-gcc hpux-parisc1_1-cc hpux-parisc1_1-gcc hpux-parisc2-cc 
hpux-parisc2-gcc hpux64-ia64-cc hpux64-ia64-gcc hpux64-parisc2-cc 
hpux64-parisc2-gcc hurd-x86 iphoneos-cross irix-cc irix-gcc irix-mips3-cc 
irix-mips3-gcc irix64-mips4-cc irix64-mips4-gcc linux-aarch64 
linux-alpha+bwx-ccc linux-alpha+bwx-gcc linux-alpha-ccc linux-alpha-gcc 
linux-aout linux-armv4 linux-elf linux-generic32 linux-generic64 
linux-ia32-icc linux-ia64 linux-ia64-icc linux-mips32 linux-mips64 linux-ppc 
linux-ppc64 linux-ppc64le linux-sparcv8 linux-sparcv9 linux-x32 linux-x86_64 
linux-x86_64-clang linux-x86_64-icc linux32-s390x linux64-mips64 linux64-s390x 
linux64-sparcv9 mingw mingw64 ncr-scde netware-clib netware-clib-bsdsock 
netware-clib-bsdsock-gcc netware-clib-gcc netware-libc netware-libc-bsdsock 
netware-libc-bsdsock-gcc netware-libc-gcc newsos4-gcc nextstep nextstep3.3 
osf1-alpha-cc osf1-alpha-gcc purify qnx4 rhapsody-ppc-cc sco5-cc sco5-gcc 
solaris-sparcv7-cc solaris-sparcv7-gcc solaris-sparcv8-cc solaris-sparcv8-gcc 
solaris-sparcv9-cc solaris-sparcv9-gcc solaris-x86-cc solaris-x86-gcc 
solaris64-sparcv9-cc solaris64-sparcv9-gcc solaris64-x86_64-cc 
solaris64-x86_64-gcc sunos-gcc tandem-c89 tru64-alpha-cc uClinux-dist 
uClinux-dist64 ultrix-cc ultrix-gcc unixware-2.0 unixware-2.1 unixware-7 
unixware-7-gcc vos-gcc vxworks-mips vxworks-ppc405 vxworks-ppc60x 
vxworks-ppc750 vxworks-ppc750-debug vxworks-ppc860 vxworks-ppcgen 
vxworks-simlinux debug debug-BSD-x86-elf debug-VC-WIN32 debug-VC-WIN64A 
debug-VC-WIN64I debug-ben debug-ben-darwin64 debug-ben-debug 
debug-ben-debug-64 debug-ben-debug-64-clang debug-ben-macos 
debug-ben-macos-gcc46 debug-ben-no-opt debug-ben-openbsd 
debug-ben-openbsd-debug debug-ben-strict debug-bodo debug-darwin-i386-cc 
debug-darwin-ppc-cc debug-darwin64-x86_64-cc debug-geoff32 debug-geoff64 
debug-levitte-linux-elf debug-levitte-linux-elf-extreme 
debug-levitte-linux-noasm debug-levitte-linux-noasm-extreme debug-linux-elf 
debug-linux-elf-noefence debug-linux-generic32 debug-linux-generic64 
debug-linux-ia32-aes debug-linux-pentium debug-linux-ppro debug-linux-x86_64 
debug-linux-x86_64-clang debug-rse debug-solaris-sparcv8-cc 
debug-solaris-sparcv8-gcc debug-solaris-sparcv9-cc debug-solaris-sparcv9-gcc 
debug-steve-opt debug-steve32 debug-steve64 debug-vos-gcc 

NOTE: If in doubt, on Unix-ish systems use './config'.
make[1]: *** No rule to make target '../include/openssl/bio.h', needed by 'cryptlib.o'.  Stop.
make: *** [build_crypto] Error 1
make[1]: *** No rule to make target '../include/openssl/bio.h', needed by 'cryptlib.o'.  Stop.
make: *** [build_crypto] Error 1
---- End output of "bash"  "/tmp/chef-script20190117-7063-wucof6" ----
Ran "bash"  "/tmp/chef-script20190117-7063-wucof6" returned 2
/opt/chefdk/embedded/lib/ruby/gems/2.5.0/gems/mixlib-shellout-2.4.0/lib/mixlib/shellout.rb:297:in `invalid!'
/opt/chefdk/embedded/lib/ruby/gems/2.5.0/gems/mixlib-shellout-2.4.0/lib/mixlib/shellout.rb:284:in `error!'
/opt/chefdk/embedded/lib/ruby/gems/2.5.0/gems/chef-14.7.17/lib/chef/mixin/shell_out.rb:202:in `shell_out_compacted!'
/opt/chefdk/embedded/lib/ruby/gems/2.5.0/gems/chef-14.7.17/lib/chef/mixin/shell_out.rb:124:in `shell_out!'
/opt/chefdk/embedded/lib/ruby/gems/2.5.0/gems/chef-14.7.17/lib/chef/provider/execute.rb:58:in `block in action_run'
/opt/chefdk/embedded/lib/ruby/gems/2.5.0/gems/chef-14.7.17/lib/chef/mixin/why_run.rb:51:in `add_action'
/opt/chefdk/embedded/lib/ruby/gems/2.5.0/gems/chef-14.7.17/lib/chef/provider.rb:227:in `converge_by'
/opt/chefdk/embedded/lib/ruby/gems/2.5.0/gems/chef-14.7.17/lib/chef/provider/execute.rb:56:in `action_run'
/opt/chefdk/embedded/lib/ruby/gems/2.5.0/gems/chef-14.7.17/lib/chef/provider/script.rb:64:in `action_run'
/opt/chefdk/embedded/lib/ruby/gems/2.5.0/gems/chef-14.7.17/lib/chef/provider.rb:182:in `run_action'
/opt/chefdk/embedded/lib/ruby/gems/2.5.0/gems/chef-14.7.17/lib/chef/resource.rb:578:in `run_action'
/opt/chefdk/embedded/lib/ruby/gems/2.5.0/gems/chef-14.7.17/lib/chef/runner.rb:70:in `run_action'
/opt/chefdk/embedded/lib/ruby/gems/2.5.0/gems/chef-14.7.17/lib/chef/runner.rb:98:in `block (2 levels) in converge'
/opt/chefdk/embedded/lib/ruby/gems/2.5.0/gems/chef-14.7.17/lib/chef/runner.rb:98:in `each'
/opt/chefdk/embedded/lib/ruby/gems/2.5.0/gems/chef-14.7.17/lib/chef/runner.rb:98:in `block in converge'
/opt/chefdk/embedded/lib/ruby/gems/2.5.0/gems/chef-14.7.17/lib/chef/resource_collection/resource_list.rb:94:in `block in execute_each_resource'
/opt/chefdk/embedded/lib/ruby/gems/2.5.0/gems/chef-14.7.17/lib/chef/resource_collection/stepable_iterator.rb:114:in `call_iterator_block'
/opt/chefdk/embedded/lib/ruby/gems/2.5.0/gems/chef-14.7.17/lib/chef/resource_collection/stepable_iterator.rb:85:in `step'
/opt/chefdk/embedded/lib/ruby/gems/2.5.0/gems/chef-14.7.17/lib/chef/resource_collection/stepable_iterator.rb:103:in `iterate'
/opt/chefdk/embedded/lib/ruby/gems/2.5.0/gems/chef-14.7.17/lib/chef/resource_collection/stepable_iterator.rb:55:in `each_with_index'
/opt/chefdk/embedded/lib/ruby/gems/2.5.0/gems/chef-14.7.17/lib/chef/resource_collection/resource_list.rb:92:in `execute_each_resource'
/opt/chefdk/embedded/lib/ruby/gems/2.5.0/gems/chef-14.7.17/lib/chef/runner.rb:97:in `converge'
/opt/chefdk/embedded/lib/ruby/gems/2.5.0/gems/chef-14.7.17/lib/chef/client.rb:720:in `block in converge'
/opt/chefdk/embedded/lib/ruby/gems/2.5.0/gems/chef-14.7.17/lib/chef/client.rb:715:in `catch'
/opt/chefdk/embedded/lib/ruby/gems/2.5.0/gems/chef-14.7.17/lib/chef/client.rb:715:in `converge'
/opt/chefdk/embedded/lib/ruby/gems/2.5.0/gems/chef-14.7.17/lib/chef/client.rb:754:in `converge_and_save'
/opt/chefdk/embedded/lib/ruby/gems/2.5.0/gems/chef-14.7.17/lib/chef/client.rb:286:in `run'
/opt/chefdk/embedded/lib/ruby/gems/2.5.0/gems/chef-14.7.17/lib/chef/application.rb:303:in `run_with_graceful_exit_option'
/opt/chefdk/embedded/lib/ruby/gems/2.5.0/gems/chef-14.7.17/lib/chef/application.rb:279:in `block in run_chef_client'
/opt/chefdk/embedded/lib/ruby/gems/2.5.0/gems/chef-14.7.17/lib/chef/local_mode.rb:44:in `with_server_connectivity'
/opt/chefdk/embedded/lib/ruby/gems/2.5.0/gems/chef-14.7.17/lib/chef/application.rb:261:in `run_chef_client'
/opt/chefdk/embedded/lib/ruby/gems/2.5.0/gems/chef-14.7.17/lib/chef/application/client.rb:440:in `run_application'
/opt/chefdk/embedded/lib/ruby/gems/2.5.0/gems/chef-14.7.17/lib/chef/application.rb:66:in `run'
/opt/chefdk/embedded/lib/ruby/gems/2.5.0/gems/chef-14.7.17/lib/chef/application/solo.rb:224:in `run'
/opt/chefdk/embedded/lib/ruby/gems/2.5.0/gems/chef-14.7.17/bin/chef-solo:24:in `<top (required)>'
/opt/chefdk/bin/chef-solo:296:in `load'
/opt/chefdk/bin/chef-solo:296:in `<main>'